<?xml version="1.0" encoding="UTF-8"?>
<testsuite name="PrivacyPolicyTest" tests="1" skipped="0" failures="0" errors="0" timestamp="2021-08-22T14:40:55" hostname="TRAFFIC-JAM-SAN" time="11.401">
  <properties/>
  <testcase name="privacyStatementInspection()" classname="PrivacyPolicyTest" time="11.401"/>
  <system-out><![CDATA[]]></system-out>
  <system-err><![CDATA[Starting ChromeDriver 92.0.4515.107 (87a818b10553a07434ea9e2b6dccf3cbe7895134-refs/branch-heads/4515@{#1634}) on port 12996
Only local connections are allowed.
Please see https://chromedriver.chromium.org/security-considerations for suggestions on keeping ChromeDriver safe.
ChromeDriver was started successfully.
aug. 22, 2021 4:40:57 DU org.openqa.selenium.remote.ProtocolHandshake createSession
INFO: Detected dialect: W3C
]]></system-err>
</testsuite>
