<?xml version="1.0" encoding="UTF-8"?>
<testsuite name="DataListingTest" tests="1" skipped="0" failures="0" errors="0" timestamp="2021-08-05T18:47:01" hostname="TRAFFIC-JAM-SAN" time="17.334">
  <properties/>
  <testcase name="shouldListAllAppleProducts()" classname="DataListingTest" time="17.334"/>
  <system-out><![CDATA[]]></system-out>
  <system-err><![CDATA[Starting ChromeDriver 92.0.4515.107 (87a818b10553a07434ea9e2b6dccf3cbe7895134-refs/branch-heads/4515@{#1634}) on port 30280
Only local connections are allowed.
Please see https://chromedriver.chromium.org/security-considerations for suggestions on keeping ChromeDriver safe.
ChromeDriver was started successfully.
aug. 05, 2021 8:47:05 DU org.openqa.selenium.remote.ProtocolHandshake createSession
INFO: Detected dialect: W3C
]]></system-err>
</testsuite>
