<?xml version="1.0" encoding="UTF-8"?>
<testsuite name="PrivacyPolicyTest" tests="1" skipped="0" failures="0" errors="0" timestamp="2021-08-04T16:04:04" hostname="TRAFFIC-JAM-SAN" time="14.494">
  <properties/>
  <testcase name="privacyStatementInspection()" classname="PrivacyPolicyTest" time="14.494"/>
  <system-out><![CDATA[]]></system-out>
  <system-err><![CDATA[Starting ChromeDriver 92.0.4515.107 (87a818b10553a07434ea9e2b6dccf3cbe7895134-refs/branch-heads/4515@{#1634}) on port 42536
Only local connections are allowed.
Please see https://chromedriver.chromium.org/security-considerations for suggestions on keeping ChromeDriver safe.
ChromeDriver was started successfully.
aug. 04, 2021 6:04:08 DU org.openqa.selenium.remote.ProtocolHandshake createSession
INFO: Detected dialect: W3C
]]></system-err>
</testsuite>
