<?xml version="1.0" encoding="UTF-8"?>
<testsuite name="PaginationTest" tests="1" skipped="0" failures="0" errors="0" timestamp="2021-08-22T14:40:43" hostname="TRAFFIC-JAM-SAN" time="11.179">
  <properties/>
  <testcase name="shouldNavigateBetweenResultPages()" classname="PaginationTest" time="11.179"/>
  <system-out><![CDATA[]]></system-out>
  <system-err><![CDATA[Starting ChromeDriver 92.0.4515.107 (87a818b10553a07434ea9e2b6dccf3cbe7895134-refs/branch-heads/4515@{#1634}) on port 27213
Only local connections are allowed.
Please see https://chromedriver.chromium.org/security-considerations for suggestions on keeping ChromeDriver safe.
ChromeDriver was started successfully.
aug. 22, 2021 4:40:46 DU org.openqa.selenium.remote.ProtocolHandshake createSession
INFO: Detected dialect: W3C
]]></system-err>
</testsuite>
