<?xml version="1.0" encoding="UTF-8"?>
<testsuite name="RegistrationTest" tests="2" skipped="0" failures="0" errors="0" timestamp="2021-08-22T14:41:06" hostname="TRAFFIC-JAM-SAN" time="25.187">
  <properties/>
  <testcase name="shouldRegister()" classname="RegistrationTest" time="12.317"/>
  <testcase name="shouldNotRegister()" classname="RegistrationTest" time="12.865"/>
  <system-out><![CDATA[]]></system-out>
  <system-err><![CDATA[Starting ChromeDriver 92.0.4515.107 (87a818b10553a07434ea9e2b6dccf3cbe7895134-refs/branch-heads/4515@{#1634}) on port 38779
Only local connections are allowed.
Please see https://chromedriver.chromium.org/security-considerations for suggestions on keeping ChromeDriver safe.
ChromeDriver was started successfully.
aug. 22, 2021 4:41:09 DU org.openqa.selenium.remote.ProtocolHandshake createSession
INFO: Detected dialect: W3C
Starting ChromeDriver 92.0.4515.107 (87a818b10553a07434ea9e2b6dccf3cbe7895134-refs/branch-heads/4515@{#1634}) on port 1798
Only local connections are allowed.
Please see https://chromedriver.chromium.org/security-considerations for suggestions on keeping ChromeDriver safe.
ChromeDriver was started successfully.
aug. 22, 2021 4:41:21 DU org.openqa.selenium.remote.ProtocolHandshake createSession
INFO: Detected dialect: W3C
]]></system-err>
</testsuite>
