<?xml version="1.0" encoding="UTF-8"?>
<testsuite name="RegistrationTest" tests="2" skipped="0" failures="0" errors="0" timestamp="2021-08-05T18:49:16" hostname="TRAFFIC-JAM-SAN" time="33.475">
  <properties/>
  <testcase name="shouldRegister()" classname="RegistrationTest" time="17.081"/>
  <testcase name="shouldNotRegister()" classname="RegistrationTest" time="16.384"/>
  <system-out><![CDATA[]]></system-out>
  <system-err><![CDATA[Starting ChromeDriver 92.0.4515.107 (87a818b10553a07434ea9e2b6dccf3cbe7895134-refs/branch-heads/4515@{#1634}) on port 24087
Only local connections are allowed.
Please see https://chromedriver.chromium.org/security-considerations for suggestions on keeping ChromeDriver safe.
ChromeDriver was started successfully.
aug. 05, 2021 8:49:21 DU org.openqa.selenium.remote.ProtocolHandshake createSession
INFO: Detected dialect: W3C
Starting ChromeDriver 92.0.4515.107 (87a818b10553a07434ea9e2b6dccf3cbe7895134-refs/branch-heads/4515@{#1634}) on port 34821
Only local connections are allowed.
Please see https://chromedriver.chromium.org/security-considerations for suggestions on keeping ChromeDriver safe.
ChromeDriver was started successfully.
aug. 05, 2021 8:49:39 DU org.openqa.selenium.remote.ProtocolHandshake createSession
INFO: Detected dialect: W3C
]]></system-err>
</testsuite>
